2026-01-25T14:01:52+01:00 | uri=/jpconstruction/attendence/login.php | segment=attendence | flag=panel_down_attendence | isDown=0 | until=0
2026-01-25T14:01:57+01:00 | uri=/jpconstruction/attendence/login.php | segment=attendence | flag=panel_down_attendence | isDown=0 | until=0
2026-01-25T14:02:12+01:00 | uri=/jpconstruction/attendence/login.php | segment=attendence | flag=panel_down_attendence | isDown=0 | until=0
2026-01-25T14:02:14+01:00 | uri=/jpconstruction/attendence/login.php | segment=attendence | flag=panel_down_attendence | isDown=0 | until=0
2026-01-25T14:02:19+01:00 | uri=/jpconstruction/worker/login.php | segment=worker | flag=panel_down_worker | isDown=0 | until=0
2026-01-25T14:02:22+01:00 | uri=/jpconstruction/worker/login.php | segment=worker | flag=panel_down_worker | isDown=0 | until=0
2026-01-25T14:02:46+01:00 | uri=/jpconstruction/contact/login.php | segment=contact | flag=panel_down_contact | isDown=0 | until=0
2026-01-25T14:02:48+01:00 | uri=/jpconstruction/contact/login.php | segment=contact | flag=panel_down_contact | isDown=0 | until=0
2026-01-25T14:03:09+01:00 | uri=/jpconstruction/contact/login.php | segment=contact | flag=panel_down_contact | isDown=0 | until=0
2026-01-25T14:03:11+01:00 | uri=/jpconstruction/contact/login.php | segment=contact | flag=panel_down_contact | isDown=0 | until=0
2026-01-25T14:03:24+01:00 | uri=/jpconstruction/contact/login.php | segment=contact | flag=panel_down_contact | isDown=0 | until=0
2026-01-25T14:05:06+01:00 | uri=/jpconstruction/contact/login.php | segment=contact | flag=panel_down_contact | isDown=0 | until=0
2026-01-25T14:05:10+01:00 | uri=/jpconstruction/attendence/login.php | segment=attendence | flag=panel_down_attendence | isDown=0 | until=0
2026-01-25T14:06:14+01:00 | uri=/jpconstruction/attendence/login.php | segment=attendence | flag=panel_down_attendence | isDown=0 | until=0
2026-01-25T14:06:19+01:00 | uri=/jpconstruction/worker/login.php | segment=worker | flag=panel_down_worker | isDown=0 | until=0
2026-01-25T14:06:23+01:00 | uri=/jpconstruction/contact/login.php | segment=contact | flag=panel_down_contact | isDown=0 | until=0
2026-01-25T14:54:51+01:00 | uri=/jpconstruction/attendence/login.php | segment=attendence | flag=panel_down_attendence | isDown=0 | until=0
2026-01-25T14:55:04+01:00 | uri=/jpconstruction/attendence/login.php | segment=attendence | flag=panel_down_attendence | isDown=0 | until=0
2026-01-25T17:22:25+01:00 | uri=/jpconstruction/contact/login.php | segment=contact | flag=panel_down_contact | isDown=0 | until=0
2026-01-25T17:22:43+01:00 | uri=/jpconstruction/worker/login.php | segment=worker | flag=panel_down_worker | isDown=0 | until=0
2026-01-25T17:22:57+01:00 | uri=/jpconstruction/attendence/login.php | segment=attendence | flag=panel_down_attendence | isDown=0 | until=0
2026-01-25T18:32:01+01:00 | uri=/jpconstruction/attendence/login.php | segment=attendence | flag=panel_down_attendence | isDown=0 | until=0
2026-01-25T18:32:04+01:00 | uri=/jpconstruction/attendence/login.php | segment=attendence | flag=panel_down_attendence | isDown=0 | until=0
2026-01-25T18:32:07+01:00 | uri=/jpconstruction/attendence/login.php | segment=attendence | flag=panel_down_attendence | isDown=0 | until=0
2026-01-25T18:32:08+01:00 | uri=/jpconstruction/attendence/login.php | segment=attendence | flag=panel_down_attendence | isDown=0 | until=0
2026-01-25T18:32:15+01:00 | uri=/jpconstruction/contact/login.php | segment=contact | flag=panel_down_contact | isDown=0 | until=0
2026-01-25T18:32:54+01:00 | uri=/jpconstruction/contact/login.php | segment=contact | flag=panel_down_contact | isDown=0 | until=0
2026-01-25T18:32:55+01:00 | uri=/jpconstruction/contact/login.php | segment=contact | flag=panel_down_contact | isDown=0 | until=0
2026-01-25T18:32:56+01:00 | uri=/jpconstruction/contact/login.php | segment=contact | flag=panel_down_contact | isDown=0 | until=0
2026-01-25T18:32:56+01:00 | uri=/jpconstruction/contact/login.php | segment=contact | flag=panel_down_contact | isDown=0 | until=0
2026-01-25T18:32:56+01:00 | uri=/jpconstruction/contact/login.php | segment=contact | flag=panel_down_contact | isDown=0 | until=0
2026-01-25T18:32:56+01:00 | uri=/jpconstruction/contact/login.php | segment=contact | flag=panel_down_contact | isDown=0 | until=0
2026-01-25T18:32:57+01:00 | uri=/jpconstruction/contact/login.php | segment=contact | flag=panel_down_contact | isDown=0 | until=0
2026-01-25T18:32:57+01:00 | uri=/jpconstruction/contact/login.php | segment=contact | flag=panel_down_contact | isDown=0 | until=0
2026-01-25T18:32:58+01:00 | uri=/jpconstruction/contact/login.php | segment=contact | flag=panel_down_contact | isDown=0 | until=0
2026-01-25T18:32:58+01:00 | uri=/jpconstruction/contact/login.php | segment=contact | flag=panel_down_contact | isDown=0 | until=0
2026-01-25T18:32:58+01:00 | uri=/jpconstruction/contact/login.php | segment=contact | flag=panel_down_contact | isDown=0 | until=0
2026-01-25T18:32:59+01:00 | uri=/jpconstruction/contact/login.php | segment=contact | flag=panel_down_contact | isDown=0 | until=0
2026-01-25T18:32:59+01:00 | uri=/jpconstruction/contact/login.php | segment=contact | flag=panel_down_contact | isDown=0 | until=0
2026-01-25T18:32:59+01:00 | uri=/jpconstruction/contact/login.php | segment=contact | flag=panel_down_contact | isDown=0 | until=0
2026-01-25T18:33:00+01:00 | uri=/jpconstruction/contact/login.php | segment=contact | flag=panel_down_contact | isDown=0 | until=0
2026-01-25T18:33:00+01:00 | uri=/jpconstruction/contact/login.php | segment=contact | flag=panel_down_contact | isDown=0 | until=0
2026-01-25T18:33:00+01:00 | uri=/jpconstruction/contact/login.php | segment=contact | flag=panel_down_contact | isDown=0 | until=0
2026-01-25T18:33:00+01:00 | uri=/jpconstruction/contact/login.php | segment=contact | flag=panel_down_contact | isDown=0 | until=0
2026-01-25T18:33:01+01:00 | uri=/jpconstruction/contact/login.php | segment=contact | flag=panel_down_contact | isDown=0 | until=0
2026-01-25T18:33:01+01:00 | uri=/jpconstruction/contact/login.php | segment=contact | flag=panel_down_contact | isDown=0 | until=0
2026-01-25T18:33:01+01:00 | uri=/jpconstruction/contact/login.php | segment=contact | flag=panel_down_contact | isDown=0 | until=0
2026-01-25T18:33:01+01:00 | uri=/jpconstruction/contact/login.php | segment=contact | flag=panel_down_contact | isDown=0 | until=0
2026-01-25T18:36:53+01:00 | uri=/jpconstruction/attendence/login.php | segment=attendence | flag=panel_down_attendence | isDown=0 | until=0
2026-01-25T18:37:04+01:00 | uri=/jpconstruction/attendence/login.php | segment=attendence | flag=panel_down_attendence | isDown=0 | until=0
2026-01-25T18:37:50+01:00 | uri=/jpconstruction/attendence/login.php | segment=attendence | flag=panel_down_attendence | isDown=0 | until=0
2026-01-25T18:37:57+01:00 | uri=/jpconstruction/attendence/login.php | segment=attendence | flag=panel_down_attendence | isDown=0 | until=0
2026-01-25T18:38:11+01:00 | uri=/jpconstruction/worker/login.php | segment=worker | flag=panel_down_worker | isDown=0 | until=0
2026-01-25T18:38:14+01:00 | uri=/jpconstruction/worker/forgot_password.php | segment=worker | flag=panel_down_worker | isDown=0 | until=0
2026-01-25T18:38:17+01:00 | uri=/jpconstruction/worker/login.php | segment=worker | flag=panel_down_worker | isDown=0 | until=0
2026-01-25T18:38:21+01:00 | uri=/jpconstruction/worker/forgot_password.php | segment=worker | flag=panel_down_worker | isDown=0 | until=0
2026-01-25T18:38:22+01:00 | uri=/jpconstruction/worker/login.php | segment=worker | flag=panel_down_worker | isDown=0 | until=0
2026-01-25T18:38:26+01:00 | uri=/jpconstruction/attendence/login.php | segment=attendence | flag=panel_down_attendence | isDown=0 | until=0
2026-01-25T18:38:34+01:00 | uri=/jpconstruction/contact/login.php | segment=contact | flag=panel_down_contact | isDown=0 | until=0
2026-01-25T18:39:18+01:00 | uri=/jpconstruction/contact/login.php | segment=contact | flag=panel_down_contact | isDown=0 | until=0
2026-01-25T18:39:24+01:00 | uri=/jpconstruction/contact/forgot_password.php | segment=contact | flag=panel_down_contact | isDown=0 | until=0
2026-01-25T18:39:27+01:00 | uri=/jpconstruction/contact/login.php | segment=contact | flag=panel_down_contact | isDown=0 | until=0
2026-01-25T18:39:31+01:00 | uri=/jpconstruction/worker/login.php | segment=worker | flag=panel_down_worker | isDown=0 | until=0
2026-01-25T18:39:37+01:00 | uri=/jpconstruction/worker/forgot_password.php | segment=worker | flag=panel_down_worker | isDown=0 | until=0
2026-01-25T18:39:41+01:00 | uri=/jpconstruction/worker/login.php | segment=worker | flag=panel_down_worker | isDown=0 | until=0
2026-01-25T18:39:44+01:00 | uri=/jpconstruction/worker/forgot_password.php | segment=worker | flag=panel_down_worker | isDown=0 | until=0
2026-01-25T18:39:47+01:00 | uri=/jpconstruction/worker/login.php | segment=worker | flag=panel_down_worker | isDown=0 | until=0
2026-01-25T18:39:49+01:00 | uri=/jpconstruction/worker/forgot_password.php | segment=worker | flag=panel_down_worker | isDown=0 | until=0
2026-01-25T18:39:49+01:00 | uri=/jpconstruction/worker/login.php | segment=worker | flag=panel_down_worker | isDown=0 | until=0
2026-01-25T18:39:54+01:00 | uri=/jpconstruction/attendence/login.php | segment=attendence | flag=panel_down_attendence | isDown=0 | until=0
2026-01-25T18:39:59+01:00 | uri=/jpconstruction/attendence/login.php | segment=attendence | flag=panel_down_attendence | isDown=0 | until=0
2026-01-25T19:59:46+01:00 | uri=/jpconstruction/attendence/login.php | segment=attendence | flag=panel_down_attendence | isDown=0 | until=0
2026-01-25T20:01:05+01:00 | uri=/jpconstruction/attendence/login.php | segment=attendence | flag=panel_down_attendence | isDown=0 | until=0
2026-01-25T20:03:08+01:00 | uri=/jpconstruction/worker/login.php | segment=worker | flag=panel_down_worker | isDown=0 | until=0
2026-01-25T20:03:14+01:00 | uri=/jpconstruction/contact/login.php | segment=contact | flag=panel_down_contact | isDown=0 | until=0
2026-01-25T20:22:50+01:00 | uri=/jpconstruction/attendence/login.php | segment=attendence | flag=panel_down_attendence | isDown=0 | until=0
2026-01-25T20:22:54+01:00 | uri=/jpconstruction/attendence/login.php | segment=attendence | flag=panel_down_attendence | isDown=0 | until=0
2026-01-25T20:23:01+01:00 | uri=/jpconstruction/worker/login.php | segment=worker | flag=panel_down_worker | isDown=0 | until=0
2026-01-25T20:23:10+01:00 | uri=/jpconstruction/contact/login.php | segment=contact | flag=panel_down_contact | isDown=0 | until=0
